<?xml version="1.0" encoding="UTF-8"?>
<!-- Generated by org.testng.reporters.JUnitReportReporter -->
<testsuite skipped="0" hostname="DESKTOP-O3E0A86" name="test_cases.LoginTest" tests="1" failures="0" timestamp="2020-03-08T19:03:41 IST" time="1.667" errors="0">
  <testcase name="init" time="1.667" classname="test_cases.LoginTest"/>
</testsuite> <!-- test_cases.LoginTest -->
