<?xml version="1.0" encoding="UTF-8"?>
<!-- Generated by org.testng.reporters.JUnitReportReporter -->
<testsuite skipped="0" hostname="DESKTOP-O3E0A86" name="test_cases.NewCustomerTest" tests="4" failures="0" timestamp="2020-03-11T21:48:27 IST" time="35.421" errors="0">
  <testcase name="enterCustomerDataHere" time="5.833" classname="test_cases.NewCustomerTest"/>
  <testcase name="enterCustomerDataHere" time="6.511" classname="test_cases.NewCustomerTest"/>
  <testcase name="enterCustomerDataHere" time="15.203" classname="test_cases.NewCustomerTest"/>
  <testcase name="enterCustomerDataHere" time="7.874" classname="test_cases.NewCustomerTest"/>
</testsuite> <!-- test_cases.NewCustomerTest -->
