<?xml version="1.0" encoding="UTF-8"?>
<!-- Generated by org.testng.reporters.JUnitReportReporter -->
<testsuite skipped="0" hostname="DESKTOP-O3E0A86" name="test_cases.NewCustomerTest" tests="4" failures="0" timestamp="2020-03-12T13:38:21 IST" time="23.089" errors="0">
  <testcase name="enterCustomerDataHere" time="5.074" classname="test_cases.NewCustomerTest"/>
  <testcase name="enterCustomerDataHere" time="5.051" classname="test_cases.NewCustomerTest"/>
  <testcase name="enterCustomerDataHere" time="6.368" classname="test_cases.NewCustomerTest"/>
  <testcase name="enterCustomerDataHere" time="6.596" classname="test_cases.NewCustomerTest"/>
</testsuite> <!-- test_cases.NewCustomerTest -->
