<?xml version="1.0" encoding="UTF-8"?>
<!-- Generated by org.testng.reporters.JUnitReportReporter -->
<testsuite skipped="0" hostname="DESKTOP-O3E0A86" name="test_cases.NewCustomerTest" tests="2" failures="0" timestamp="2020-03-11T19:39:41 IST" time="13.113" errors="0">
  <testcase name="enterCustomerDataHere" time="6.309" classname="test_cases.NewCustomerTest"/>
  <testcase name="enterCustomerDataHere" time="6.804" classname="test_cases.NewCustomerTest"/>
</testsuite> <!-- test_cases.NewCustomerTest -->
