<?xml version="1.0" encoding="UTF-8"?>
<!-- Generated by org.testng.reporters.JUnitReportReporter -->
<testsuite skipped="0" hostname="DESKTOP-O3E0A86" name="test_cases.NewCustomerTest" tests="3" failures="0" timestamp="2020-03-10T08:00:05 IST" time="1.180" errors="0">
  <testcase name="selectNewCustomer" time="1.061" classname="test_cases.NewCustomerTest"/>
  <testcase name="enterGender" time="0.029" classname="test_cases.NewCustomerTest"/>
  <testcase name="enterCustomerName" time="0.090" classname="test_cases.NewCustomerTest"/>
</testsuite> <!-- test_cases.NewCustomerTest -->
