<?xml version="1.0" encoding="UTF-8"?>
<!-- Generated by org.testng.reporters.JUnitReportReporter -->
<testsuite skipped="0" hostname="DESKTOP-O3E0A86" name="test_cases.HomePageTest" tests="1" failures="0" timestamp="2020-03-11T21:39:51 IST" time="21.943" errors="0">
  <testcase name="login" time="21.943" classname="test_cases.HomePageTest"/>
</testsuite> <!-- test_cases.HomePageTest -->
