<?xml version="1.0" encoding="UTF-8"?>
<!-- Generated by org.testng.reporters.JUnitReportReporter -->
<testsuite skipped="0" hostname="DESKTOP-O3E0A86" name="test_cases.GmailLoginTest" tests="1" failures="0" timestamp="2020-03-08T18:48:10 IST" time="2.003" errors="0">
  <testcase name="init" time="2.003" classname="test_cases.GmailLoginTest"/>
</testsuite> <!-- test_cases.GmailLoginTest -->
