<?xml version="1.0" encoding="UTF-8"?>
<!-- Generated by org.testng.reporters.JUnitReportReporter -->
<testsuite skipped="0" hostname="DESKTOP-O3E0A86" name="test_cases.HomePageTest" tests="1" failures="0" timestamp="2020-03-13T16:04:25 IST" time="1.759" errors="0">
  <testcase name="login" time="1.759" classname="test_cases.HomePageTest"/>
</testsuite> <!-- test_cases.HomePageTest -->
