<?xml version="1.0" encoding="UTF-8"?>
<!-- Generated by org.testng.reporters.JUnitReportReporter -->
<testsuite skipped="0" hostname="DESKTOP-O3E0A86" name="test_cases.NewCustomerTest" tests="3" failures="0" timestamp="2020-03-09T19:12:30 IST" time="0.829" errors="0">
  <testcase name="selectNewCustomer" time="0.629" classname="test_cases.NewCustomerTest"/>
  <testcase name="enterGender" time="0.062" classname="test_cases.NewCustomerTest"/>
  <testcase name="enterCustomerName" time="0.138" classname="test_cases.NewCustomerTest"/>
</testsuite> <!-- test_cases.NewCustomerTest -->
